/home/belvin/Desktop/INFORMATIK/DRONE_PROJECT/ARDUPILOT/ardu_ws/src/p2-drone-formation-control-simulator/install/p2-drone-formation-control-simulator/lib/python3.12/site-packages/p2_drone_formation_control_simulator/gui_node.py
/home/belvin/Desktop/INFORMATIK/DRONE_PROJECT/ARDUPILOT/ardu_ws/src/p2-drone-formation-control-simulator/install/p2-drone-formation-control-simulator/lib/python3.12/site-packages/p2_drone_formation_control_simulator/copter3_cmd_node.py
/home/belvin/Desktop/INFORMATIK/DRONE_PROJECT/ARDUPILOT/ardu_ws/src/p2-drone-formation-control-simulator/install/p2-drone-formation-control-simulator/lib/python3.12/site-packages/p2_drone_formation_control_simulator/cmd_node.py
/home/belvin/Desktop/INFORMATIK/DRONE_PROJECT/ARDUPILOT/ardu_ws/src/p2-drone-formation-control-simulator/install/p2-drone-formation-control-simulator/lib/python3.12/site-packages/p2_drone_formation_control_simulator/__init__.py
/home/belvin/Desktop/INFORMATIK/DRONE_PROJECT/ARDUPILOT/ardu_ws/src/p2-drone-formation-control-simulator/install/p2-drone-formation-control-simulator/lib/python3.12/site-packages/p2_drone_formation_control_simulator/copter1_cmd_node.py
/home/belvin/Desktop/INFORMATIK/DRONE_PROJECT/ARDUPILOT/ardu_ws/src/p2-drone-formation-control-simulator/install/p2-drone-formation-control-simulator/lib/python3.12/site-packages/p2_drone_formation_control_simulator/test.py
/home/belvin/Desktop/INFORMATIK/DRONE_PROJECT/ARDUPILOT/ardu_ws/src/p2-drone-formation-control-simulator/install/p2-drone-formation-control-simulator/lib/python3.12/site-packages/p2_drone_formation_control_simulator/copter2_cmd_node.py
/home/belvin/Desktop/INFORMATIK/DRONE_PROJECT/ARDUPILOT/ardu_ws/src/p2-drone-formation-control-simulator/install/p2-drone-formation-control-simulator/lib/python3.12/site-packages/p2_drone_formation_control_simulator/__pycache__/gui_node.cpython-312.pyc
/home/belvin/Desktop/INFORMATIK/DRONE_PROJECT/ARDUPILOT/ardu_ws/src/p2-drone-formation-control-simulator/install/p2-drone-formation-control-simulator/lib/python3.12/site-packages/p2_drone_formation_control_simulator/__pycache__/copter3_cmd_node.cpython-312.pyc
/home/belvin/Desktop/INFORMATIK/DRONE_PROJECT/ARDUPILOT/ardu_ws/src/p2-drone-formation-control-simulator/install/p2-drone-formation-control-simulator/lib/python3.12/site-packages/p2_drone_formation_control_simulator/__pycache__/cmd_node.cpython-312.pyc
/home/belvin/Desktop/INFORMATIK/DRONE_PROJECT/ARDUPILOT/ardu_ws/src/p2-drone-formation-control-simulator/install/p2-drone-formation-control-simulator/lib/python3.12/site-packages/p2_drone_formation_control_simulator/__pycache__/__init__.cpython-312.pyc
/home/belvin/Desktop/INFORMATIK/DRONE_PROJECT/ARDUPILOT/ardu_ws/src/p2-drone-formation-control-simulator/install/p2-drone-formation-control-simulator/lib/python3.12/site-packages/p2_drone_formation_control_simulator/__pycache__/copter1_cmd_node.cpython-312.pyc
/home/belvin/Desktop/INFORMATIK/DRONE_PROJECT/ARDUPILOT/ardu_ws/src/p2-drone-formation-control-simulator/install/p2-drone-formation-control-simulator/lib/python3.12/site-packages/p2_drone_formation_control_simulator/__pycache__/test.cpython-312.pyc
/home/belvin/Desktop/INFORMATIK/DRONE_PROJECT/ARDUPILOT/ardu_ws/src/p2-drone-formation-control-simulator/install/p2-drone-formation-control-simulator/lib/python3.12/site-packages/p2_drone_formation_control_simulator/__pycache__/copter2_cmd_node.cpython-312.pyc
/home/belvin/Desktop/INFORMATIK/DRONE_PROJECT/ARDUPILOT/ardu_ws/src/p2-drone-formation-control-simulator/install/p2-drone-formation-control-simulator/share/ament_index/resource_index/packages/p2-drone-formation-control-simulator
/home/belvin/Desktop/INFORMATIK/DRONE_PROJECT/ARDUPILOT/ardu_ws/src/p2-drone-formation-control-simulator/install/p2-drone-formation-control-simulator/share/p2-drone-formation-control-simulator/package.xml
/home/belvin/Desktop/INFORMATIK/DRONE_PROJECT/ARDUPILOT/ardu_ws/src/p2-drone-formation-control-simulator/install/p2-drone-formation-control-simulator/share/p2-drone-formation-control-simulator/launch/gui.launch.py
/home/belvin/Desktop/INFORMATIK/DRONE_PROJECT/ARDUPILOT/ardu_ws/src/p2-drone-formation-control-simulator/install/p2-drone-formation-control-simulator/share/p2-drone-formation-control-simulator/launch/multi_sitl_dds_udp.launch.py
/home/belvin/Desktop/INFORMATIK/DRONE_PROJECT/ARDUPILOT/ardu_ws/src/p2-drone-formation-control-simulator/install/p2-drone-formation-control-simulator/share/p2-drone-formation-control-simulator/launch/mavros_launch.xml
/home/belvin/Desktop/INFORMATIK/DRONE_PROJECT/ARDUPILOT/ardu_ws/src/p2-drone-formation-control-simulator/install/p2-drone-formation-control-simulator/share/p2-drone-formation-control-simulator/world/iris_runway.sdf
/home/belvin/Desktop/INFORMATIK/DRONE_PROJECT/ARDUPILOT/ardu_ws/src/p2-drone-formation-control-simulator/install/p2-drone-formation-control-simulator/share/p2-drone-formation-control-simulator/parameters/gazebo-iris2.parm
/home/belvin/Desktop/INFORMATIK/DRONE_PROJECT/ARDUPILOT/ardu_ws/src/p2-drone-formation-control-simulator/install/p2-drone-formation-control-simulator/share/p2-drone-formation-control-simulator/parameters/gazebo-iris3.parm
/home/belvin/Desktop/INFORMATIK/DRONE_PROJECT/ARDUPILOT/ardu_ws/src/p2-drone-formation-control-simulator/install/p2-drone-formation-control-simulator/share/p2-drone-formation-control-simulator/parameters/gazebo-iris1.parm
/home/belvin/Desktop/INFORMATIK/DRONE_PROJECT/ARDUPILOT/ardu_ws/src/p2-drone-formation-control-simulator/install/p2-drone-formation-control-simulator/share/p2-drone-formation-control-simulator/models/iris1/model.sdf
/home/belvin/Desktop/INFORMATIK/DRONE_PROJECT/ARDUPILOT/ardu_ws/src/p2-drone-formation-control-simulator/install/p2-drone-formation-control-simulator/share/p2-drone-formation-control-simulator/models/iris1/model.config
/home/belvin/Desktop/INFORMATIK/DRONE_PROJECT/ARDUPILOT/ardu_ws/src/p2-drone-formation-control-simulator/install/p2-drone-formation-control-simulator/share/p2-drone-formation-control-simulator/models/iris2/model.sdf
/home/belvin/Desktop/INFORMATIK/DRONE_PROJECT/ARDUPILOT/ardu_ws/src/p2-drone-formation-control-simulator/install/p2-drone-formation-control-simulator/share/p2-drone-formation-control-simulator/models/iris2/model.config
/home/belvin/Desktop/INFORMATIK/DRONE_PROJECT/ARDUPILOT/ardu_ws/src/p2-drone-formation-control-simulator/install/p2-drone-formation-control-simulator/share/p2-drone-formation-control-simulator/models/iris3/model.sdf
/home/belvin/Desktop/INFORMATIK/DRONE_PROJECT/ARDUPILOT/ardu_ws/src/p2-drone-formation-control-simulator/install/p2-drone-formation-control-simulator/share/p2-drone-formation-control-simulator/models/iris3/model.config
/home/belvin/Desktop/INFORMATIK/DRONE_PROJECT/ARDUPILOT/ardu_ws/src/p2-drone-formation-control-simulator/install/p2-drone-formation-control-simulator/lib/python3.12/site-packages/p2_drone_formation_control_simulator-0.0.0-py3.12.egg-info/zip-safe
/home/belvin/Desktop/INFORMATIK/DRONE_PROJECT/ARDUPILOT/ardu_ws/src/p2-drone-formation-control-simulator/install/p2-drone-formation-control-simulator/lib/python3.12/site-packages/p2_drone_formation_control_simulator-0.0.0-py3.12.egg-info/PKG-INFO
/home/belvin/Desktop/INFORMATIK/DRONE_PROJECT/ARDUPILOT/ardu_ws/src/p2-drone-formation-control-simulator/install/p2-drone-formation-control-simulator/lib/python3.12/site-packages/p2_drone_formation_control_simulator-0.0.0-py3.12.egg-info/requires.txt
/home/belvin/Desktop/INFORMATIK/DRONE_PROJECT/ARDUPILOT/ardu_ws/src/p2-drone-formation-control-simulator/install/p2-drone-formation-control-simulator/lib/python3.12/site-packages/p2_drone_formation_control_simulator-0.0.0-py3.12.egg-info/entry_points.txt
/home/belvin/Desktop/INFORMATIK/DRONE_PROJECT/ARDUPILOT/ardu_ws/src/p2-drone-formation-control-simulator/install/p2-drone-formation-control-simulator/lib/python3.12/site-packages/p2_drone_formation_control_simulator-0.0.0-py3.12.egg-info/SOURCES.txt
/home/belvin/Desktop/INFORMATIK/DRONE_PROJECT/ARDUPILOT/ardu_ws/src/p2-drone-formation-control-simulator/install/p2-drone-formation-control-simulator/lib/python3.12/site-packages/p2_drone_formation_control_simulator-0.0.0-py3.12.egg-info/dependency_links.txt
/home/belvin/Desktop/INFORMATIK/DRONE_PROJECT/ARDUPILOT/ardu_ws/src/p2-drone-formation-control-simulator/install/p2-drone-formation-control-simulator/lib/python3.12/site-packages/p2_drone_formation_control_simulator-0.0.0-py3.12.egg-info/top_level.txt
/home/belvin/Desktop/INFORMATIK/DRONE_PROJECT/ARDUPILOT/ardu_ws/src/p2-drone-formation-control-simulator/install/p2-drone-formation-control-simulator/lib/p2-drone-formation-control-simulator/cmd_node
/home/belvin/Desktop/INFORMATIK/DRONE_PROJECT/ARDUPILOT/ardu_ws/src/p2-drone-formation-control-simulator/install/p2-drone-formation-control-simulator/lib/p2-drone-formation-control-simulator/cmd_pub
/home/belvin/Desktop/INFORMATIK/DRONE_PROJECT/ARDUPILOT/ardu_ws/src/p2-drone-formation-control-simulator/install/p2-drone-formation-control-simulator/lib/p2-drone-formation-control-simulator/copter1_cmd_node
/home/belvin/Desktop/INFORMATIK/DRONE_PROJECT/ARDUPILOT/ardu_ws/src/p2-drone-formation-control-simulator/install/p2-drone-formation-control-simulator/lib/p2-drone-formation-control-simulator/copter2_cmd_node
/home/belvin/Desktop/INFORMATIK/DRONE_PROJECT/ARDUPILOT/ardu_ws/src/p2-drone-formation-control-simulator/install/p2-drone-formation-control-simulator/lib/p2-drone-formation-control-simulator/copter3_cmd_node
/home/belvin/Desktop/INFORMATIK/DRONE_PROJECT/ARDUPILOT/ardu_ws/src/p2-drone-formation-control-simulator/install/p2-drone-formation-control-simulator/lib/p2-drone-formation-control-simulator/gui_node
