running egg_info
creating build/p2-drone-formation-control-simulator/p2_drone_formation_control_simulator.egg-info
writing build/p2-drone-formation-control-simulator/p2_drone_formation_control_simulator.egg-info/PKG-INFO
writing dependency_links to build/p2-drone-formation-control-simulator/p2_drone_formation_control_simulator.egg-info/dependency_links.txt
writing entry points to build/p2-drone-formation-control-simulator/p2_drone_formation_control_simulator.egg-info/entry_points.txt
writing requirements to build/p2-drone-formation-control-simulator/p2_drone_formation_control_simulator.egg-info/requires.txt
writing top-level names to build/p2-drone-formation-control-simulator/p2_drone_formation_control_simulator.egg-info/top_level.txt
writing manifest file 'build/p2-drone-formation-control-simulator/p2_drone_formation_control_simulator.egg-info/SOURCES.txt'
reading manifest file 'build/p2-drone-formation-control-simulator/p2_drone_formation_control_simulator.egg-info/SOURCES.txt'
adding license file 'LICENSE'
writing manifest file 'build/p2-drone-formation-control-simulator/p2_drone_formation_control_simulator.egg-info/SOURCES.txt'
running build
running build_py
creating /home/belvin/Desktop/INFORMATIK/DRONE_PROJECT/ARDUPILOT/ardu_ws/src/p2-drone-formation-control-simulator/build/p2-drone-formation-control-simulator/build
creating /home/belvin/Desktop/INFORMATIK/DRONE_PROJECT/ARDUPILOT/ardu_ws/src/p2-drone-formation-control-simulator/build/p2-drone-formation-control-simulator/build/lib
creating /home/belvin/Desktop/INFORMATIK/DRONE_PROJECT/ARDUPILOT/ardu_ws/src/p2-drone-formation-control-simulator/build/p2-drone-formation-control-simulator/build/lib/p2_drone_formation_control_simulator
copying p2_drone_formation_control_simulator/gui_node.py -> /home/belvin/Desktop/INFORMATIK/DRONE_PROJECT/ARDUPILOT/ardu_ws/src/p2-drone-formation-control-simulator/build/p2-drone-formation-control-simulator/build/lib/p2_drone_formation_control_simulator
copying p2_drone_formation_control_simulator/copter3_cmd_node.py -> /home/belvin/Desktop/INFORMATIK/DRONE_PROJECT/ARDUPILOT/ardu_ws/src/p2-drone-formation-control-simulator/build/p2-drone-formation-control-simulator/build/lib/p2_drone_formation_control_simulator
copying p2_drone_formation_control_simulator/cmd_node.py -> /home/belvin/Desktop/INFORMATIK/DRONE_PROJECT/ARDUPILOT/ardu_ws/src/p2-drone-formation-control-simulator/build/p2-drone-formation-control-simulator/build/lib/p2_drone_formation_control_simulator
copying p2_drone_formation_control_simulator/__init__.py -> /home/belvin/Desktop/INFORMATIK/DRONE_PROJECT/ARDUPILOT/ardu_ws/src/p2-drone-formation-control-simulator/build/p2-drone-formation-control-simulator/build/lib/p2_drone_formation_control_simulator
copying p2_drone_formation_control_simulator/copter1_cmd_node.py -> /home/belvin/Desktop/INFORMATIK/DRONE_PROJECT/ARDUPILOT/ardu_ws/src/p2-drone-formation-control-simulator/build/p2-drone-formation-control-simulator/build/lib/p2_drone_formation_control_simulator
copying p2_drone_formation_control_simulator/test.py -> /home/belvin/Desktop/INFORMATIK/DRONE_PROJECT/ARDUPILOT/ardu_ws/src/p2-drone-formation-control-simulator/build/p2-drone-formation-control-simulator/build/lib/p2_drone_formation_control_simulator
copying p2_drone_formation_control_simulator/copter2_cmd_node.py -> /home/belvin/Desktop/INFORMATIK/DRONE_PROJECT/ARDUPILOT/ardu_ws/src/p2-drone-formation-control-simulator/build/p2-drone-formation-control-simulator/build/lib/p2_drone_formation_control_simulator
running install
running install_lib
creating /home/belvin/Desktop/INFORMATIK/DRONE_PROJECT/ARDUPILOT/ardu_ws/src/p2-drone-formation-control-simulator/install/p2-drone-formation-control-simulator/lib/python3.12/site-packages/p2_drone_formation_control_simulator
copying /home/belvin/Desktop/INFORMATIK/DRONE_PROJECT/ARDUPILOT/ardu_ws/src/p2-drone-formation-control-simulator/build/p2-drone-formation-control-simulator/build/lib/p2_drone_formation_control_simulator/gui_node.py -> /home/belvin/Desktop/INFORMATIK/DRONE_PROJECT/ARDUPILOT/ardu_ws/src/p2-drone-formation-control-simulator/install/p2-drone-formation-control-simulator/lib/python3.12/site-packages/p2_drone_formation_control_simulator
copying /home/belvin/Desktop/INFORMATIK/DRONE_PROJECT/ARDUPILOT/ardu_ws/src/p2-drone-formation-control-simulator/build/p2-drone-formation-control-simulator/build/lib/p2_drone_formation_control_simulator/copter3_cmd_node.py -> /home/belvin/Desktop/INFORMATIK/DRONE_PROJECT/ARDUPILOT/ardu_ws/src/p2-drone-formation-control-simulator/install/p2-drone-formation-control-simulator/lib/python3.12/site-packages/p2_drone_formation_control_simulator
copying /home/belvin/Desktop/INFORMATIK/DRONE_PROJECT/ARDUPILOT/ardu_ws/src/p2-drone-formation-control-simulator/build/p2-drone-formation-control-simulator/build/lib/p2_drone_formation_control_simulator/cmd_node.py -> /home/belvin/Desktop/INFORMATIK/DRONE_PROJECT/ARDUPILOT/ardu_ws/src/p2-drone-formation-control-simulator/install/p2-drone-formation-control-simulator/lib/python3.12/site-packages/p2_drone_formation_control_simulator
copying /home/belvin/Desktop/INFORMATIK/DRONE_PROJECT/ARDUPILOT/ardu_ws/src/p2-drone-formation-control-simulator/build/p2-drone-formation-control-simulator/build/lib/p2_drone_formation_control_simulator/__init__.py -> /home/belvin/Desktop/INFORMATIK/DRONE_PROJECT/ARDUPILOT/ardu_ws/src/p2-drone-formation-control-simulator/install/p2-drone-formation-control-simulator/lib/python3.12/site-packages/p2_drone_formation_control_simulator
copying /home/belvin/Desktop/INFORMATIK/DRONE_PROJECT/ARDUPILOT/ardu_ws/src/p2-drone-formation-control-simulator/build/p2-drone-formation-control-simulator/build/lib/p2_drone_formation_control_simulator/copter1_cmd_node.py -> /home/belvin/Desktop/INFORMATIK/DRONE_PROJECT/ARDUPILOT/ardu_ws/src/p2-drone-formation-control-simulator/install/p2-drone-formation-control-simulator/lib/python3.12/site-packages/p2_drone_formation_control_simulator
copying /home/belvin/Desktop/INFORMATIK/DRONE_PROJECT/ARDUPILOT/ardu_ws/src/p2-drone-formation-control-simulator/build/p2-drone-formation-control-simulator/build/lib/p2_drone_formation_control_simulator/test.py -> /home/belvin/Desktop/INFORMATIK/DRONE_PROJECT/ARDUPILOT/ardu_ws/src/p2-drone-formation-control-simulator/install/p2-drone-formation-control-simulator/lib/python3.12/site-packages/p2_drone_formation_control_simulator
copying /home/belvin/Desktop/INFORMATIK/DRONE_PROJECT/ARDUPILOT/ardu_ws/src/p2-drone-formation-control-simulator/build/p2-drone-formation-control-simulator/build/lib/p2_drone_formation_control_simulator/copter2_cmd_node.py -> /home/belvin/Desktop/INFORMATIK/DRONE_PROJECT/ARDUPILOT/ardu_ws/src/p2-drone-formation-control-simulator/install/p2-drone-formation-control-simulator/lib/python3.12/site-packages/p2_drone_formation_control_simulator
byte-compiling /home/belvin/Desktop/INFORMATIK/DRONE_PROJECT/ARDUPILOT/ardu_ws/src/p2-drone-formation-control-simulator/install/p2-drone-formation-control-simulator/lib/python3.12/site-packages/p2_drone_formation_control_simulator/gui_node.py to gui_node.cpython-312.pyc
byte-compiling /home/belvin/Desktop/INFORMATIK/DRONE_PROJECT/ARDUPILOT/ardu_ws/src/p2-drone-formation-control-simulator/install/p2-drone-formation-control-simulator/lib/python3.12/site-packages/p2_drone_formation_control_simulator/copter3_cmd_node.py to copter3_cmd_node.cpython-312.pyc
byte-compiling /home/belvin/Desktop/INFORMATIK/DRONE_PROJECT/ARDUPILOT/ardu_ws/src/p2-drone-formation-control-simulator/install/p2-drone-formation-control-simulator/lib/python3.12/site-packages/p2_drone_formation_control_simulator/cmd_node.py to cmd_node.cpython-312.pyc
byte-compiling /home/belvin/Desktop/INFORMATIK/DRONE_PROJECT/ARDUPILOT/ardu_ws/src/p2-drone-formation-control-simulator/install/p2-drone-formation-control-simulator/lib/python3.12/site-packages/p2_drone_formation_control_simulator/__init__.py to __init__.cpython-312.pyc
byte-compiling /home/belvin/Desktop/INFORMATIK/DRONE_PROJECT/ARDUPILOT/ardu_ws/src/p2-drone-formation-control-simulator/install/p2-drone-formation-control-simulator/lib/python3.12/site-packages/p2_drone_formation_control_simulator/copter1_cmd_node.py to copter1_cmd_node.cpython-312.pyc
byte-compiling /home/belvin/Desktop/INFORMATIK/DRONE_PROJECT/ARDUPILOT/ardu_ws/src/p2-drone-formation-control-simulator/install/p2-drone-formation-control-simulator/lib/python3.12/site-packages/p2_drone_formation_control_simulator/test.py to test.cpython-312.pyc
byte-compiling /home/belvin/Desktop/INFORMATIK/DRONE_PROJECT/ARDUPILOT/ardu_ws/src/p2-drone-formation-control-simulator/install/p2-drone-formation-control-simulator/lib/python3.12/site-packages/p2_drone_formation_control_simulator/copter2_cmd_node.py to copter2_cmd_node.cpython-312.pyc
running install_data
creating /home/belvin/Desktop/INFORMATIK/DRONE_PROJECT/ARDUPILOT/ardu_ws/src/p2-drone-formation-control-simulator/install/p2-drone-formation-control-simulator/share/ament_index
creating /home/belvin/Desktop/INFORMATIK/DRONE_PROJECT/ARDUPILOT/ardu_ws/src/p2-drone-formation-control-simulator/install/p2-drone-formation-control-simulator/share/ament_index/resource_index
creating /home/belvin/Desktop/INFORMATIK/DRONE_PROJECT/ARDUPILOT/ardu_ws/src/p2-drone-formation-control-simulator/install/p2-drone-formation-control-simulator/share/ament_index/resource_index/packages
copying resource/p2-drone-formation-control-simulator -> /home/belvin/Desktop/INFORMATIK/DRONE_PROJECT/ARDUPILOT/ardu_ws/src/p2-drone-formation-control-simulator/install/p2-drone-formation-control-simulator/share/ament_index/resource_index/packages
copying package.xml -> /home/belvin/Desktop/INFORMATIK/DRONE_PROJECT/ARDUPILOT/ardu_ws/src/p2-drone-formation-control-simulator/install/p2-drone-formation-control-simulator/share/p2-drone-formation-control-simulator
creating /home/belvin/Desktop/INFORMATIK/DRONE_PROJECT/ARDUPILOT/ardu_ws/src/p2-drone-formation-control-simulator/install/p2-drone-formation-control-simulator/share/p2-drone-formation-control-simulator/launch
copying launch/gui.launch.py -> /home/belvin/Desktop/INFORMATIK/DRONE_PROJECT/ARDUPILOT/ardu_ws/src/p2-drone-formation-control-simulator/install/p2-drone-formation-control-simulator/share/p2-drone-formation-control-simulator/launch
copying launch/multi_sitl_dds_udp.launch.py -> /home/belvin/Desktop/INFORMATIK/DRONE_PROJECT/ARDUPILOT/ardu_ws/src/p2-drone-formation-control-simulator/install/p2-drone-formation-control-simulator/share/p2-drone-formation-control-simulator/launch
copying launch/mavros_launch.xml -> /home/belvin/Desktop/INFORMATIK/DRONE_PROJECT/ARDUPILOT/ardu_ws/src/p2-drone-formation-control-simulator/install/p2-drone-formation-control-simulator/share/p2-drone-formation-control-simulator/launch
creating /home/belvin/Desktop/INFORMATIK/DRONE_PROJECT/ARDUPILOT/ardu_ws/src/p2-drone-formation-control-simulator/install/p2-drone-formation-control-simulator/share/p2-drone-formation-control-simulator/world
copying world/iris_runway.sdf -> /home/belvin/Desktop/INFORMATIK/DRONE_PROJECT/ARDUPILOT/ardu_ws/src/p2-drone-formation-control-simulator/install/p2-drone-formation-control-simulator/share/p2-drone-formation-control-simulator/world
creating /home/belvin/Desktop/INFORMATIK/DRONE_PROJECT/ARDUPILOT/ardu_ws/src/p2-drone-formation-control-simulator/install/p2-drone-formation-control-simulator/share/p2-drone-formation-control-simulator/parameters
copying parameters/gazebo-iris2.parm -> /home/belvin/Desktop/INFORMATIK/DRONE_PROJECT/ARDUPILOT/ardu_ws/src/p2-drone-formation-control-simulator/install/p2-drone-formation-control-simulator/share/p2-drone-formation-control-simulator/parameters
copying parameters/gazebo-iris3.parm -> /home/belvin/Desktop/INFORMATIK/DRONE_PROJECT/ARDUPILOT/ardu_ws/src/p2-drone-formation-control-simulator/install/p2-drone-formation-control-simulator/share/p2-drone-formation-control-simulator/parameters
copying parameters/gazebo-iris1.parm -> /home/belvin/Desktop/INFORMATIK/DRONE_PROJECT/ARDUPILOT/ardu_ws/src/p2-drone-formation-control-simulator/install/p2-drone-formation-control-simulator/share/p2-drone-formation-control-simulator/parameters
creating /home/belvin/Desktop/INFORMATIK/DRONE_PROJECT/ARDUPILOT/ardu_ws/src/p2-drone-formation-control-simulator/install/p2-drone-formation-control-simulator/share/p2-drone-formation-control-simulator/models
creating /home/belvin/Desktop/INFORMATIK/DRONE_PROJECT/ARDUPILOT/ardu_ws/src/p2-drone-formation-control-simulator/install/p2-drone-formation-control-simulator/share/p2-drone-formation-control-simulator/models/iris1
copying models/iris1/model.sdf -> /home/belvin/Desktop/INFORMATIK/DRONE_PROJECT/ARDUPILOT/ardu_ws/src/p2-drone-formation-control-simulator/install/p2-drone-formation-control-simulator/share/p2-drone-formation-control-simulator/models/iris1
copying models/iris1/model.config -> /home/belvin/Desktop/INFORMATIK/DRONE_PROJECT/ARDUPILOT/ardu_ws/src/p2-drone-formation-control-simulator/install/p2-drone-formation-control-simulator/share/p2-drone-formation-control-simulator/models/iris1
creating /home/belvin/Desktop/INFORMATIK/DRONE_PROJECT/ARDUPILOT/ardu_ws/src/p2-drone-formation-control-simulator/install/p2-drone-formation-control-simulator/share/p2-drone-formation-control-simulator/models/iris2
copying models/iris2/model.sdf -> /home/belvin/Desktop/INFORMATIK/DRONE_PROJECT/ARDUPILOT/ardu_ws/src/p2-drone-formation-control-simulator/install/p2-drone-formation-control-simulator/share/p2-drone-formation-control-simulator/models/iris2
copying models/iris2/model.config -> /home/belvin/Desktop/INFORMATIK/DRONE_PROJECT/ARDUPILOT/ardu_ws/src/p2-drone-formation-control-simulator/install/p2-drone-formation-control-simulator/share/p2-drone-formation-control-simulator/models/iris2
creating /home/belvin/Desktop/INFORMATIK/DRONE_PROJECT/ARDUPILOT/ardu_ws/src/p2-drone-formation-control-simulator/install/p2-drone-formation-control-simulator/share/p2-drone-formation-control-simulator/models/iris3
copying models/iris3/model.sdf -> /home/belvin/Desktop/INFORMATIK/DRONE_PROJECT/ARDUPILOT/ardu_ws/src/p2-drone-formation-control-simulator/install/p2-drone-formation-control-simulator/share/p2-drone-formation-control-simulator/models/iris3
copying models/iris3/model.config -> /home/belvin/Desktop/INFORMATIK/DRONE_PROJECT/ARDUPILOT/ardu_ws/src/p2-drone-formation-control-simulator/install/p2-drone-formation-control-simulator/share/p2-drone-formation-control-simulator/models/iris3
running install_egg_info
Copying build/p2-drone-formation-control-simulator/p2_drone_formation_control_simulator.egg-info to /home/belvin/Desktop/INFORMATIK/DRONE_PROJECT/ARDUPILOT/ardu_ws/src/p2-drone-formation-control-simulator/install/p2-drone-formation-control-simulator/lib/python3.12/site-packages/p2_drone_formation_control_simulator-0.0.0-py3.12.egg-info
running install_scripts
Installing cmd_node script to /home/belvin/Desktop/INFORMATIK/DRONE_PROJECT/ARDUPILOT/ardu_ws/src/p2-drone-formation-control-simulator/install/p2-drone-formation-control-simulator/lib/p2-drone-formation-control-simulator
Installing cmd_pub script to /home/belvin/Desktop/INFORMATIK/DRONE_PROJECT/ARDUPILOT/ardu_ws/src/p2-drone-formation-control-simulator/install/p2-drone-formation-control-simulator/lib/p2-drone-formation-control-simulator
Installing copter1_cmd_node script to /home/belvin/Desktop/INFORMATIK/DRONE_PROJECT/ARDUPILOT/ardu_ws/src/p2-drone-formation-control-simulator/install/p2-drone-formation-control-simulator/lib/p2-drone-formation-control-simulator
Installing copter2_cmd_node script to /home/belvin/Desktop/INFORMATIK/DRONE_PROJECT/ARDUPILOT/ardu_ws/src/p2-drone-formation-control-simulator/install/p2-drone-formation-control-simulator/lib/p2-drone-formation-control-simulator
Installing copter3_cmd_node script to /home/belvin/Desktop/INFORMATIK/DRONE_PROJECT/ARDUPILOT/ardu_ws/src/p2-drone-formation-control-simulator/install/p2-drone-formation-control-simulator/lib/p2-drone-formation-control-simulator
Installing gui_node script to /home/belvin/Desktop/INFORMATIK/DRONE_PROJECT/ARDUPILOT/ardu_ws/src/p2-drone-formation-control-simulator/install/p2-drone-formation-control-simulator/lib/p2-drone-formation-control-simulator
writing list of installed files to '/home/belvin/Desktop/INFORMATIK/DRONE_PROJECT/ARDUPILOT/ardu_ws/src/p2-drone-formation-control-simulator/build/p2-drone-formation-control-simulator/install.log'
