[2.638s] Invoking command in '/home/belvin/Desktop/INFORMATIK/DRONE_PROJECT/ARDUPILOT/ardu_ws/src/p2-drone-formation-control-simulator': DEBUGINFOD_URLS=https://debuginfod.ubuntu.com PS1=\[\e]0;\u@\h: \w\a\]${debian_chroot:+($debian_chroot)}\[\033[01;32m\]\u@\h\[\033[00m\]:\[\033[01;34m\]\w\[\033[00m\]\$ PYTHONPATH=/home/belvin/Desktop/INFORMATIK/DRONE_PROJECT/ARDUPILOT/ardu_ws/src/p2-drone-formation-control-simulator/build/p2-drone-formation-control-simulator/prefix_override:/usr/lib/python3/dist-packages/colcon_core/task/python/colcon_distutils_commands:/home/belvin/Desktop/INFORMATIK/DRONE_PROJECT/ARDUPILOT/ardu_ws/src/p2-drone-formation-control-simulator/install/p2-drone-formation-control-simulator/lib/python3.12/site-packages:${PYTHONPATH} VIRTUAL_ENV_PROMPT=(venv-ardupilot) /usr/bin/python3 -W ignore:setup.py install is deprecated -W ignore:easy_install command is deprecated setup.py egg_info --egg-base build/p2-drone-formation-control-simulator build --build-base /home/belvin/Desktop/INFORMATIK/DRONE_PROJECT/ARDUPILOT/ardu_ws/src/p2-drone-formation-control-simulator/build/p2-drone-formation-control-simulator/build install --record /home/belvin/Desktop/INFORMATIK/DRONE_PROJECT/ARDUPILOT/ardu_ws/src/p2-drone-formation-control-simulator/build/p2-drone-formation-control-simulator/install.log --single-version-externally-managed install_data
[3.398s] running egg_info
[3.398s] creating build/p2-drone-formation-control-simulator/p2_drone_formation_control_simulator.egg-info
[3.456s] writing build/p2-drone-formation-control-simulator/p2_drone_formation_control_simulator.egg-info/PKG-INFO
[3.456s] writing dependency_links to build/p2-drone-formation-control-simulator/p2_drone_formation_control_simulator.egg-info/dependency_links.txt
[3.457s] writing entry points to build/p2-drone-formation-control-simulator/p2_drone_formation_control_simulator.egg-info/entry_points.txt
[3.457s] writing requirements to build/p2-drone-formation-control-simulator/p2_drone_formation_control_simulator.egg-info/requires.txt
[3.457s] writing top-level names to build/p2-drone-formation-control-simulator/p2_drone_formation_control_simulator.egg-info/top_level.txt
[3.458s] writing manifest file 'build/p2-drone-formation-control-simulator/p2_drone_formation_control_simulator.egg-info/SOURCES.txt'
[3.587s] reading manifest file 'build/p2-drone-formation-control-simulator/p2_drone_formation_control_simulator.egg-info/SOURCES.txt'
[3.587s] adding license file 'LICENSE'
[3.589s] writing manifest file 'build/p2-drone-formation-control-simulator/p2_drone_formation_control_simulator.egg-info/SOURCES.txt'
[3.589s] running build
[3.589s] running build_py
[3.590s] creating /home/belvin/Desktop/INFORMATIK/DRONE_PROJECT/ARDUPILOT/ardu_ws/src/p2-drone-formation-control-simulator/build/p2-drone-formation-control-simulator/build
[3.590s] creating /home/belvin/Desktop/INFORMATIK/DRONE_PROJECT/ARDUPILOT/ardu_ws/src/p2-drone-formation-control-simulator/build/p2-drone-formation-control-simulator/build/lib
[3.590s] creating /home/belvin/Desktop/INFORMATIK/DRONE_PROJECT/ARDUPILOT/ardu_ws/src/p2-drone-formation-control-simulator/build/p2-drone-formation-control-simulator/build/lib/p2_drone_formation_control_simulator
[3.590s] copying p2_drone_formation_control_simulator/gui_node.py -> /home/belvin/Desktop/INFORMATIK/DRONE_PROJECT/ARDUPILOT/ardu_ws/src/p2-drone-formation-control-simulator/build/p2-drone-formation-control-simulator/build/lib/p2_drone_formation_control_simulator
[3.591s] copying p2_drone_formation_control_simulator/copter3_cmd_node.py -> /home/belvin/Desktop/INFORMATIK/DRONE_PROJECT/ARDUPILOT/ardu_ws/src/p2-drone-formation-control-simulator/build/p2-drone-formation-control-simulator/build/lib/p2_drone_formation_control_simulator
[3.592s] copying p2_drone_formation_control_simulator/cmd_node.py -> /home/belvin/Desktop/INFORMATIK/DRONE_PROJECT/ARDUPILOT/ardu_ws/src/p2-drone-formation-control-simulator/build/p2-drone-formation-control-simulator/build/lib/p2_drone_formation_control_simulator
[3.592s] copying p2_drone_formation_control_simulator/__init__.py -> /home/belvin/Desktop/INFORMATIK/DRONE_PROJECT/ARDUPILOT/ardu_ws/src/p2-drone-formation-control-simulator/build/p2-drone-formation-control-simulator/build/lib/p2_drone_formation_control_simulator
[3.593s] copying p2_drone_formation_control_simulator/copter1_cmd_node.py -> /home/belvin/Desktop/INFORMATIK/DRONE_PROJECT/ARDUPILOT/ardu_ws/src/p2-drone-formation-control-simulator/build/p2-drone-formation-control-simulator/build/lib/p2_drone_formation_control_simulator
[3.593s] copying p2_drone_formation_control_simulator/test.py -> /home/belvin/Desktop/INFORMATIK/DRONE_PROJECT/ARDUPILOT/ardu_ws/src/p2-drone-formation-control-simulator/build/p2-drone-formation-control-simulator/build/lib/p2_drone_formation_control_simulator
[3.594s] copying p2_drone_formation_control_simulator/copter2_cmd_node.py -> /home/belvin/Desktop/INFORMATIK/DRONE_PROJECT/ARDUPILOT/ardu_ws/src/p2-drone-formation-control-simulator/build/p2-drone-formation-control-simulator/build/lib/p2_drone_formation_control_simulator
[3.595s] running install
[3.611s] running install_lib
[3.670s] creating /home/belvin/Desktop/INFORMATIK/DRONE_PROJECT/ARDUPILOT/ardu_ws/src/p2-drone-formation-control-simulator/install/p2-drone-formation-control-simulator/lib/python3.12/site-packages/p2_drone_formation_control_simulator
[3.670s] copying /home/belvin/Desktop/INFORMATIK/DRONE_PROJECT/ARDUPILOT/ardu_ws/src/p2-drone-formation-control-simulator/build/p2-drone-formation-control-simulator/build/lib/p2_drone_formation_control_simulator/gui_node.py -> /home/belvin/Desktop/INFORMATIK/DRONE_PROJECT/ARDUPILOT/ardu_ws/src/p2-drone-formation-control-simulator/install/p2-drone-formation-control-simulator/lib/python3.12/site-packages/p2_drone_formation_control_simulator
[3.671s] copying /home/belvin/Desktop/INFORMATIK/DRONE_PROJECT/ARDUPILOT/ardu_ws/src/p2-drone-formation-control-simulator/build/p2-drone-formation-control-simulator/build/lib/p2_drone_formation_control_simulator/copter3_cmd_node.py -> /home/belvin/Desktop/INFORMATIK/DRONE_PROJECT/ARDUPILOT/ardu_ws/src/p2-drone-formation-control-simulator/install/p2-drone-formation-control-simulator/lib/python3.12/site-packages/p2_drone_formation_control_simulator
[3.671s] copying /home/belvin/Desktop/INFORMATIK/DRONE_PROJECT/ARDUPILOT/ardu_ws/src/p2-drone-formation-control-simulator/build/p2-drone-formation-control-simulator/build/lib/p2_drone_formation_control_simulator/cmd_node.py -> /home/belvin/Desktop/INFORMATIK/DRONE_PROJECT/ARDUPILOT/ardu_ws/src/p2-drone-formation-control-simulator/install/p2-drone-formation-control-simulator/lib/python3.12/site-packages/p2_drone_formation_control_simulator
[3.671s] copying /home/belvin/Desktop/INFORMATIK/DRONE_PROJECT/ARDUPILOT/ardu_ws/src/p2-drone-formation-control-simulator/build/p2-drone-formation-control-simulator/build/lib/p2_drone_formation_control_simulator/__init__.py -> /home/belvin/Desktop/INFORMATIK/DRONE_PROJECT/ARDUPILOT/ardu_ws/src/p2-drone-formation-control-simulator/install/p2-drone-formation-control-simulator/lib/python3.12/site-packages/p2_drone_formation_control_simulator
[3.671s] copying /home/belvin/Desktop/INFORMATIK/DRONE_PROJECT/ARDUPILOT/ardu_ws/src/p2-drone-formation-control-simulator/build/p2-drone-formation-control-simulator/build/lib/p2_drone_formation_control_simulator/copter1_cmd_node.py -> /home/belvin/Desktop/INFORMATIK/DRONE_PROJECT/ARDUPILOT/ardu_ws/src/p2-drone-formation-control-simulator/install/p2-drone-formation-control-simulator/lib/python3.12/site-packages/p2_drone_formation_control_simulator
[3.672s] copying /home/belvin/Desktop/INFORMATIK/DRONE_PROJECT/ARDUPILOT/ardu_ws/src/p2-drone-formation-control-simulator/build/p2-drone-formation-control-simulator/build/lib/p2_drone_formation_control_simulator/test.py -> /home/belvin/Desktop/INFORMATIK/DRONE_PROJECT/ARDUPILOT/ardu_ws/src/p2-drone-formation-control-simulator/install/p2-drone-formation-control-simulator/lib/python3.12/site-packages/p2_drone_formation_control_simulator
[3.672s] copying /home/belvin/Desktop/INFORMATIK/DRONE_PROJECT/ARDUPILOT/ardu_ws/src/p2-drone-formation-control-simulator/build/p2-drone-formation-control-simulator/build/lib/p2_drone_formation_control_simulator/copter2_cmd_node.py -> /home/belvin/Desktop/INFORMATIK/DRONE_PROJECT/ARDUPILOT/ardu_ws/src/p2-drone-formation-control-simulator/install/p2-drone-formation-control-simulator/lib/python3.12/site-packages/p2_drone_formation_control_simulator
[3.673s] byte-compiling /home/belvin/Desktop/INFORMATIK/DRONE_PROJECT/ARDUPILOT/ardu_ws/src/p2-drone-formation-control-simulator/install/p2-drone-formation-control-simulator/lib/python3.12/site-packages/p2_drone_formation_control_simulator/gui_node.py to gui_node.cpython-312.pyc
[3.687s] byte-compiling /home/belvin/Desktop/INFORMATIK/DRONE_PROJECT/ARDUPILOT/ardu_ws/src/p2-drone-formation-control-simulator/install/p2-drone-formation-control-simulator/lib/python3.12/site-packages/p2_drone_formation_control_simulator/copter3_cmd_node.py to copter3_cmd_node.cpython-312.pyc
[3.690s] byte-compiling /home/belvin/Desktop/INFORMATIK/DRONE_PROJECT/ARDUPILOT/ardu_ws/src/p2-drone-formation-control-simulator/install/p2-drone-formation-control-simulator/lib/python3.12/site-packages/p2_drone_formation_control_simulator/cmd_node.py to cmd_node.cpython-312.pyc
[3.692s] byte-compiling /home/belvin/Desktop/INFORMATIK/DRONE_PROJECT/ARDUPILOT/ardu_ws/src/p2-drone-formation-control-simulator/install/p2-drone-formation-control-simulator/lib/python3.12/site-packages/p2_drone_formation_control_simulator/__init__.py to __init__.cpython-312.pyc
[3.692s] byte-compiling /home/belvin/Desktop/INFORMATIK/DRONE_PROJECT/ARDUPILOT/ardu_ws/src/p2-drone-formation-control-simulator/install/p2-drone-formation-control-simulator/lib/python3.12/site-packages/p2_drone_formation_control_simulator/copter1_cmd_node.py to copter1_cmd_node.cpython-312.pyc
[3.694s] byte-compiling /home/belvin/Desktop/INFORMATIK/DRONE_PROJECT/ARDUPILOT/ardu_ws/src/p2-drone-formation-control-simulator/install/p2-drone-formation-control-simulator/lib/python3.12/site-packages/p2_drone_formation_control_simulator/test.py to test.cpython-312.pyc
[3.695s] byte-compiling /home/belvin/Desktop/INFORMATIK/DRONE_PROJECT/ARDUPILOT/ardu_ws/src/p2-drone-formation-control-simulator/install/p2-drone-formation-control-simulator/lib/python3.12/site-packages/p2_drone_formation_control_simulator/copter2_cmd_node.py to copter2_cmd_node.cpython-312.pyc
[3.698s] running install_data
[3.699s] creating /home/belvin/Desktop/INFORMATIK/DRONE_PROJECT/ARDUPILOT/ardu_ws/src/p2-drone-formation-control-simulator/install/p2-drone-formation-control-simulator/share/ament_index
[3.699s] creating /home/belvin/Desktop/INFORMATIK/DRONE_PROJECT/ARDUPILOT/ardu_ws/src/p2-drone-formation-control-simulator/install/p2-drone-formation-control-simulator/share/ament_index/resource_index
[3.699s] creating /home/belvin/Desktop/INFORMATIK/DRONE_PROJECT/ARDUPILOT/ardu_ws/src/p2-drone-formation-control-simulator/install/p2-drone-formation-control-simulator/share/ament_index/resource_index/packages
[3.699s] copying resource/p2-drone-formation-control-simulator -> /home/belvin/Desktop/INFORMATIK/DRONE_PROJECT/ARDUPILOT/ardu_ws/src/p2-drone-formation-control-simulator/install/p2-drone-formation-control-simulator/share/ament_index/resource_index/packages
[3.700s] copying package.xml -> /home/belvin/Desktop/INFORMATIK/DRONE_PROJECT/ARDUPILOT/ardu_ws/src/p2-drone-formation-control-simulator/install/p2-drone-formation-control-simulator/share/p2-drone-formation-control-simulator
[3.700s] creating /home/belvin/Desktop/INFORMATIK/DRONE_PROJECT/ARDUPILOT/ardu_ws/src/p2-drone-formation-control-simulator/install/p2-drone-formation-control-simulator/share/p2-drone-formation-control-simulator/launch
[3.701s] copying launch/gui.launch.py -> /home/belvin/Desktop/INFORMATIK/DRONE_PROJECT/ARDUPILOT/ardu_ws/src/p2-drone-formation-control-simulator/install/p2-drone-formation-control-simulator/share/p2-drone-formation-control-simulator/launch
[3.701s] copying launch/multi_sitl_dds_udp.launch.py -> /home/belvin/Desktop/INFORMATIK/DRONE_PROJECT/ARDUPILOT/ardu_ws/src/p2-drone-formation-control-simulator/install/p2-drone-formation-control-simulator/share/p2-drone-formation-control-simulator/launch
[3.702s] copying launch/mavros_launch.xml -> /home/belvin/Desktop/INFORMATIK/DRONE_PROJECT/ARDUPILOT/ardu_ws/src/p2-drone-formation-control-simulator/install/p2-drone-formation-control-simulator/share/p2-drone-formation-control-simulator/launch
[3.702s] creating /home/belvin/Desktop/INFORMATIK/DRONE_PROJECT/ARDUPILOT/ardu_ws/src/p2-drone-formation-control-simulator/install/p2-drone-formation-control-simulator/share/p2-drone-formation-control-simulator/world
[3.702s] copying world/iris_runway.sdf -> /home/belvin/Desktop/INFORMATIK/DRONE_PROJECT/ARDUPILOT/ardu_ws/src/p2-drone-formation-control-simulator/install/p2-drone-formation-control-simulator/share/p2-drone-formation-control-simulator/world
[3.703s] creating /home/belvin/Desktop/INFORMATIK/DRONE_PROJECT/ARDUPILOT/ardu_ws/src/p2-drone-formation-control-simulator/install/p2-drone-formation-control-simulator/share/p2-drone-formation-control-simulator/parameters
[3.703s] copying parameters/gazebo-iris2.parm -> /home/belvin/Desktop/INFORMATIK/DRONE_PROJECT/ARDUPILOT/ardu_ws/src/p2-drone-formation-control-simulator/install/p2-drone-formation-control-simulator/share/p2-drone-formation-control-simulator/parameters
[3.703s] copying parameters/gazebo-iris3.parm -> /home/belvin/Desktop/INFORMATIK/DRONE_PROJECT/ARDUPILOT/ardu_ws/src/p2-drone-formation-control-simulator/install/p2-drone-formation-control-simulator/share/p2-drone-formation-control-simulator/parameters
[3.704s] copying parameters/gazebo-iris1.parm -> /home/belvin/Desktop/INFORMATIK/DRONE_PROJECT/ARDUPILOT/ardu_ws/src/p2-drone-formation-control-simulator/install/p2-drone-formation-control-simulator/share/p2-drone-formation-control-simulator/parameters
[3.705s] creating /home/belvin/Desktop/INFORMATIK/DRONE_PROJECT/ARDUPILOT/ardu_ws/src/p2-drone-formation-control-simulator/install/p2-drone-formation-control-simulator/share/p2-drone-formation-control-simulator/models
[3.705s] creating /home/belvin/Desktop/INFORMATIK/DRONE_PROJECT/ARDUPILOT/ardu_ws/src/p2-drone-formation-control-simulator/install/p2-drone-formation-control-simulator/share/p2-drone-formation-control-simulator/models/iris1
[3.705s] copying models/iris1/model.sdf -> /home/belvin/Desktop/INFORMATIK/DRONE_PROJECT/ARDUPILOT/ardu_ws/src/p2-drone-formation-control-simulator/install/p2-drone-formation-control-simulator/share/p2-drone-formation-control-simulator/models/iris1
[3.706s] copying models/iris1/model.config -> /home/belvin/Desktop/INFORMATIK/DRONE_PROJECT/ARDUPILOT/ardu_ws/src/p2-drone-formation-control-simulator/install/p2-drone-formation-control-simulator/share/p2-drone-formation-control-simulator/models/iris1
[3.706s] creating /home/belvin/Desktop/INFORMATIK/DRONE_PROJECT/ARDUPILOT/ardu_ws/src/p2-drone-formation-control-simulator/install/p2-drone-formation-control-simulator/share/p2-drone-formation-control-simulator/models/iris2
[3.706s] copying models/iris2/model.sdf -> /home/belvin/Desktop/INFORMATIK/DRONE_PROJECT/ARDUPILOT/ardu_ws/src/p2-drone-formation-control-simulator/install/p2-drone-formation-control-simulator/share/p2-drone-formation-control-simulator/models/iris2
[3.707s] copying models/iris2/model.config -> /home/belvin/Desktop/INFORMATIK/DRONE_PROJECT/ARDUPILOT/ardu_ws/src/p2-drone-formation-control-simulator/install/p2-drone-formation-control-simulator/share/p2-drone-formation-control-simulator/models/iris2
[3.707s] creating /home/belvin/Desktop/INFORMATIK/DRONE_PROJECT/ARDUPILOT/ardu_ws/src/p2-drone-formation-control-simulator/install/p2-drone-formation-control-simulator/share/p2-drone-formation-control-simulator/models/iris3
[3.707s] copying models/iris3/model.sdf -> /home/belvin/Desktop/INFORMATIK/DRONE_PROJECT/ARDUPILOT/ardu_ws/src/p2-drone-formation-control-simulator/install/p2-drone-formation-control-simulator/share/p2-drone-formation-control-simulator/models/iris3
[3.708s] copying models/iris3/model.config -> /home/belvin/Desktop/INFORMATIK/DRONE_PROJECT/ARDUPILOT/ardu_ws/src/p2-drone-formation-control-simulator/install/p2-drone-formation-control-simulator/share/p2-drone-formation-control-simulator/models/iris3
[3.708s] running install_egg_info
[3.769s] Copying build/p2-drone-formation-control-simulator/p2_drone_formation_control_simulator.egg-info to /home/belvin/Desktop/INFORMATIK/DRONE_PROJECT/ARDUPILOT/ardu_ws/src/p2-drone-formation-control-simulator/install/p2-drone-formation-control-simulator/lib/python3.12/site-packages/p2_drone_formation_control_simulator-0.0.0-py3.12.egg-info
[3.772s] running install_scripts
[4.155s] Installing cmd_node script to /home/belvin/Desktop/INFORMATIK/DRONE_PROJECT/ARDUPILOT/ardu_ws/src/p2-drone-formation-control-simulator/install/p2-drone-formation-control-simulator/lib/p2-drone-formation-control-simulator
[4.156s] Installing cmd_pub script to /home/belvin/Desktop/INFORMATIK/DRONE_PROJECT/ARDUPILOT/ardu_ws/src/p2-drone-formation-control-simulator/install/p2-drone-formation-control-simulator/lib/p2-drone-formation-control-simulator
[4.156s] Installing copter1_cmd_node script to /home/belvin/Desktop/INFORMATIK/DRONE_PROJECT/ARDUPILOT/ardu_ws/src/p2-drone-formation-control-simulator/install/p2-drone-formation-control-simulator/lib/p2-drone-formation-control-simulator
[4.156s] Installing copter2_cmd_node script to /home/belvin/Desktop/INFORMATIK/DRONE_PROJECT/ARDUPILOT/ardu_ws/src/p2-drone-formation-control-simulator/install/p2-drone-formation-control-simulator/lib/p2-drone-formation-control-simulator
[4.157s] Installing copter3_cmd_node script to /home/belvin/Desktop/INFORMATIK/DRONE_PROJECT/ARDUPILOT/ardu_ws/src/p2-drone-formation-control-simulator/install/p2-drone-formation-control-simulator/lib/p2-drone-formation-control-simulator
[4.157s] Installing gui_node script to /home/belvin/Desktop/INFORMATIK/DRONE_PROJECT/ARDUPILOT/ardu_ws/src/p2-drone-formation-control-simulator/install/p2-drone-formation-control-simulator/lib/p2-drone-formation-control-simulator
[4.157s] writing list of installed files to '/home/belvin/Desktop/INFORMATIK/DRONE_PROJECT/ARDUPILOT/ardu_ws/src/p2-drone-formation-control-simulator/build/p2-drone-formation-control-simulator/install.log'
[4.226s] Invoked command in '/home/belvin/Desktop/INFORMATIK/DRONE_PROJECT/ARDUPILOT/ardu_ws/src/p2-drone-formation-control-simulator' returned '0': DEBUGINFOD_URLS=https://debuginfod.ubuntu.com PS1=\[\e]0;\u@\h: \w\a\]${debian_chroot:+($debian_chroot)}\[\033[01;32m\]\u@\h\[\033[00m\]:\[\033[01;34m\]\w\[\033[00m\]\$ PYTHONPATH=/home/belvin/Desktop/INFORMATIK/DRONE_PROJECT/ARDUPILOT/ardu_ws/src/p2-drone-formation-control-simulator/build/p2-drone-formation-control-simulator/prefix_override:/usr/lib/python3/dist-packages/colcon_core/task/python/colcon_distutils_commands:/home/belvin/Desktop/INFORMATIK/DRONE_PROJECT/ARDUPILOT/ardu_ws/src/p2-drone-formation-control-simulator/install/p2-drone-formation-control-simulator/lib/python3.12/site-packages:${PYTHONPATH} VIRTUAL_ENV_PROMPT=(venv-ardupilot) /usr/bin/python3 -W ignore:setup.py install is deprecated -W ignore:easy_install command is deprecated setup.py egg_info --egg-base build/p2-drone-formation-control-simulator build --build-base /home/belvin/Desktop/INFORMATIK/DRONE_PROJECT/ARDUPILOT/ardu_ws/src/p2-drone-formation-control-simulator/build/p2-drone-formation-control-simulator/build install --record /home/belvin/Desktop/INFORMATIK/DRONE_PROJECT/ARDUPILOT/ardu_ws/src/p2-drone-formation-control-simulator/build/p2-drone-formation-control-simulator/install.log --single-version-externally-managed install_data
